11:46:25 [INFO] Log file: logs/train_vae_20260602_114625.log
11:46:25 [INFO] Using device: cpu
11:46:25 [INFO] =======================================================
11:46:25 [INFO] Loading preprocessed feature arrays ...
11:46:25 [INFO]   acoustic  : (10000, 39)
11:46:25 [INFO]   lyric     : (10000, 50)
11:46:25 [INFO]   tags      : (10000, 100)
11:46:25 [INFO] 
=======================================================
11:46:25 [INFO] Initialising MultimodalVAE ...
11:46:25 [INFO]   Trainable parameters : 301,373
11:46:25 [INFO]   Input dims           : acoustic=39, lyric=50, tags=100
11:46:25 [INFO]   Latent dim           : 32
11:46:25 [INFO] 
=======================================================
11:46:25 [INFO] Training for 100 epochs ...
11:46:25 [INFO] Loss weights: acoustic=1.0, lyric=1.0, tags=0.5
11:46:26 [INFO] Epoch   1/100 | loss=2.0558  recon_a=0.8596  recon_l=0.9822  recon_t=0.4218  kl=0.3191  β=0.010
11:46:29 [INFO] Epoch  10/100 | loss=0.8374  recon_a=0.2746  recon_l=0.2559  recon_t=0.3037  kl=1.5502  β=0.100
11:46:31 [INFO] Epoch  20/100 | loss=0.8332  recon_a=0.2513  recon_l=0.1950  recon_t=0.2912  kl=1.2064  β=0.200
11:46:34 [INFO] Epoch  30/100 | loss=0.8947  recon_a=0.2626  recon_l=0.1828  recon_t=0.2910  kl=1.0128  β=0.300
11:46:37 [INFO] Epoch  40/100 | loss=0.9405  recon_a=0.2833  recon_l=0.1578  recon_t=0.2962  kl=0.8781  β=0.400
11:46:40 [INFO] Epoch  50/100 | loss=1.0025  recon_a=0.3075  recon_l=0.1595  recon_t=0.3032  kl=0.7678  β=0.500
11:46:43 [INFO] Epoch  60/100 | loss=0.9745  recon_a=0.3047  recon_l=0.1385  recon_t=0.3040  kl=0.7585  β=0.500
11:46:46 [INFO] Epoch  70/100 | loss=0.9655  recon_a=0.2954  recon_l=0.1370  recon_t=0.3027  kl=0.7636  β=0.500
11:46:49 [INFO] Epoch  80/100 | loss=0.9533  recon_a=0.2924  recon_l=0.1294  recon_t=0.3009  kl=0.7622  β=0.500
11:46:52 [INFO] Epoch  90/100 | loss=0.9535  recon_a=0.2923  recon_l=0.1303  recon_t=0.2998  kl=0.7620  β=0.500
11:46:55 [INFO] Epoch 100/100 | loss=0.9481  recon_a=0.2917  recon_l=0.1249  recon_t=0.3000  kl=0.7630  β=0.500
11:46:55 [INFO] Saved: results/figures/training_history.png
11:46:55 [INFO] Saved: results/vae_weights.pt
11:46:55 [INFO] 
=======================================================
11:46:55 [INFO] Extracting latent vectors (μ) ...
11:46:55 [INFO]   Latent vectors shape : (10000, 32)
11:46:55 [INFO] Saved: results/latent_vectors.npy
