11:48:24 [INFO] Log file: logs/visualize_20260602_114824.log
11:48:24 [INFO] =======================================================
11:48:24 [INFO] Loading inputs ...
11:48:24 [INFO]   Latent vectors : (10000, 32)
11:48:24 [INFO]   Cluster labels : (10000,)  (K=8 clusters)
11:48:24 [INFO] 
=======================================================
11:48:24 [INFO] Step 1: UMAP projection ...
11:48:24 [INFO] Loading cached UMAP embedding from results/umap_coords_3d.npy ...
11:48:24 [INFO] 
=======================================================
11:48:24 [INFO] Step 2: 3D UMAP scatter plot ...
11:48:24 [INFO] Saved: results/figures/viz_umap_3d.html  (open in a browser to interact)
11:48:34 [INFO] Saved: results/figures/viz_umap_3d_static.png
11:48:34 [INFO] 
=======================================================
11:48:34 [INFO] Step 3: Decade trend chart ...
11:48:34 [INFO] Saved: results/figures/viz_decade_trend.png
11:48:34 [INFO] 
Normalised cluster proportions by decade:
11:48:34 [INFO] cluster      0      1      2      3      4      5      6      7
decade                                                         
1920     0.000  0.000  0.000  0.833  0.000  0.000  0.167  0.000
1930     0.000  0.000  0.000  0.833  0.000  0.000  0.167  0.000
1940     0.000  0.000  0.250  0.750  0.000  0.000  0.000  0.000
1950     0.033  0.067  0.133  0.233  0.000  0.200  0.200  0.133
1960     0.044  0.175  0.044  0.117  0.029  0.226  0.248  0.117
1970     0.106  0.114  0.065  0.073  0.081  0.138  0.220  0.203
1980     0.210  0.096  0.107  0.087  0.105  0.134  0.132  0.130
1990     0.159  0.116  0.148  0.092  0.101  0.168  0.090  0.125
2000     0.241  0.125  0.161  0.066  0.101  0.117  0.069  0.120
2010     0.328  0.125  0.125  0.047  0.109  0.062  0.047  0.156
11:48:34 [INFO] 
Output files:
11:48:34 [INFO]   results/figures/viz_umap_3d.html         — interactive 3D scatter
11:48:34 [INFO]   results/figures/viz_umap_3d_static.png   — static screenshot (needs kaleido)
11:48:34 [INFO]   results/figures/viz_decade_trend.png      — ThemeRiver-style trend chart
